# JRE version: OpenJDK Runtime Environment (8.0_152-b01) (build 1.8.0_152-release-1248-b01)
# Java VM: OpenJDK 64-Bit Server VM (25.152-b01 mixed mode windows-amd64 compressed oops)
Heap:
 PSYoungGen      total 321536K, used 24828K [0x00000000e0000000, 0x00000000f5480000, 0x0000000100000000)
  eden space 301568K, 8% used [0x00000000e0000000,0x00000000e183f3c0,0x00000000f2680000)
  from space 19968K, 0% used [0x00000000f3f80000,0x00000000f3f80000,0x00000000f5300000)
  to   space 23552K, 0% used [0x00000000f2680000,0x00000000f2680000,0x00000000f3d80000)
 ParOldGen       total 163840K, used 35744K [0x00000000a0000000, 0x00000000aa000000, 0x00000000e0000000)
  object space 163840K, 21% used [0x00000000a0000000,0x00000000a22e8150,0x00000000aa000000)
 Metaspace       used 59647K, capacity 61250K, committed 61616K, reserved 1101824K
  class space    used 8088K, capacity 8514K, committed 8624K, reserved 1048576K
GC Heap History (10 events):
Event: 12.500 GC heap before
{Heap before GC invocations=7 (full 1):
 PSYoungGen      total 137216K, used 12866K [0x00000000e0000000, 0x00000000ec100000, 0x0000000100000000)
  eden space 126464K, 1% used [0x00000000e0000000,0x00000000e02168e0,0x00000000e7b80000)
  from space 10752K, 99% used [0x00000000e7b80000,0x00000000e85fa170,0x00000000e8600000)
  to   space 14848K, 0% used [0x00000000eb280000,0x00000000eb280000,0x00000000ec100000)
 ParOldGen       total 98304K, used 12894K [0x00000000a0000000, 0x00000000a6000000, 0x00000000e0000000)
  object space 98304K, 13% used [0x00000000a0000000,0x00000000a0c97878,0x00000000a6000000)
 Metaspace       used 34750K, capacity 35346K, committed 35496K, reserved 1079296K
  class space    used 4834K, capacity 5093K, committed 5168K, reserved 1048576K
Event: 12.509 GC heap after
Heap after GC invocations=7 (full 1):
 PSYoungGen      total 182784K, used 7888K [0x00000000e0000000, 0x00000000f0c00000, 0x0000000100000000)
  eden space 167936K, 0% used [0x00000000e0000000,0x00000000e0000000,0x00000000ea400000)
  from space 14848K, 53% used [0x00000000eb280000,0x00000000eba34388,0x00000000ec100000)
  to   space 14848K, 0% used [0x00000000ea400000,0x00000000ea400000,0x00000000eb280000)
 ParOldGen       total 98304K, used 12894K [0x00000000a0000000, 0x00000000a6000000, 0x00000000e0000000)
  object space 98304K, 13% used [0x00000000a0000000,0x00000000a0c97878,0x00000000a6000000)
 Metaspace       used 34750K, capacity 35346K, committed 35496K, reserved 1079296K
  class space    used 4834K, capacity 5093K, committed 5168K, reserved 1048576K
}
Event: 12.509 GC heap before
{Heap before GC invocations=8 (full 2):
 PSYoungGen      total 182784K, used 7888K [0x00000000e0000000, 0x00000000f0c00000, 0x0000000100000000)
  eden space 167936K, 0% used [0x00000000e0000000,0x00000000e0000000,0x00000000ea400000)
  from space 14848K, 53% used [0x00000000eb280000,0x00000000eba34388,0x00000000ec100000)
  to   space 14848K, 0% used [0x00000000ea400000,0x00000000ea400000,0x00000000eb280000)
 ParOldGen       total 98304K, used 12894K [0x00000000a0000000, 0x00000000a6000000, 0x00000000e0000000)
  object space 98304K, 13% used [0x00000000a0000000,0x00000000a0c97878,0x00000000a6000000)
 Metaspace       used 34750K, capacity 35346K, committed 35496K, reserved 1079296K
  class space    used 4834K, capacity 5093K, committed 5168K, reserved 1048576K
Event: 12.579 GC heap after
Heap after GC invocations=8 (full 2):
 PSYoungGen      total 182784K, used 0K [0x00000000e0000000, 0x00000000f0c00000, 0x0000000100000000)
  eden space 167936K, 0% used [0x00000000e0000000,0x00000000e0000000,0x00000000ea400000)
  from space 14848K, 0% used [0x00000000eb280000,0x00000000eb280000,0x00000000ec100000)
  to   space 14848K, 0% used [0x00000000ea400000,0x00000000ea400000,0x00000000eb280000)
 ParOldGen       total 117248K, used 14862K [0x00000000a0000000, 0x00000000a7280000, 0x00000000e0000000)
  object space 117248K, 12% used [0x00000000a0000000,0x00000000a0e83990,0x00000000a7280000)
 Metaspace       used 34750K, capacity 35346K, committed 35496K, reserved 1079296K
  class space    used 4834K, capacity 5093K, committed 5168K, reserved 1048576K
}
Event: 15.555 GC heap before
{Heap before GC invocations=9 (full 2):
 PSYoungGen      total 182784K, used 167936K [0x00000000e0000000, 0x00000000f0c00000, 0x0000000100000000)
  eden space 167936K, 100% used [0x00000000e0000000,0x00000000ea400000,0x00000000ea400000)
  from space 14848K, 0% used [0x00000000eb280000,0x00000000eb280000,0x00000000ec100000)
  to   space 14848K, 0% used [0x00000000ea400000,0x00000000ea400000,0x00000000eb280000)
 ParOldGen       total 117248K, used 14862K [0x00000000a0000000, 0x00000000a7280000, 0x00000000e0000000)
  object space 117248K, 12% used [0x00000000a0000000,0x00000000a0e83990,0x00000000a7280000)
 Metaspace       used 50690K, capacity 51876K, committed 52016K, reserved 1093632K
  class space    used 6836K, capacity 7203K, committed 7216K, reserved 1048576K
Event: 15.577 GC heap after
Heap after GC invocations=9 (full 2):
 PSYoungGen      total 182784K, used 14826K [0x00000000e0000000, 0x00000000f5300000, 0x0000000100000000)
  eden space 167936K, 0% used [0x00000000e0000000,0x00000000e0000000,0x00000000ea400000)
  from space 14848K, 99% used [0x00000000ea400000,0x00000000eb27ab40,0x00000000eb280000)
  to   space 19968K, 0% used [0x00000000f3f80000,0x00000000f3f80000,0x00000000f5300000)
 ParOldGen       total 117248K, used 21071K [0x00000000a0000000, 0x00000000a7280000, 0x00000000e0000000)
  object space 117248K, 17% used [0x00000000a0000000,0x00000000a1493ce8,0x00000000a7280000)
 Metaspace       used 50690K, capacity 51876K, committed 52016K, reserved 1093632K
  class space    used 6836K, capacity 7203K, committed 7216K, reserved 1048576K
}
Event: 17.098 GC heap before
{Heap before GC invocations=10 (full 2):
 PSYoungGen      total 182784K, used 120385K [0x00000000e0000000, 0x00000000f5300000, 0x0000000100000000)
  eden space 167936K, 62% used [0x00000000e0000000,0x00000000e6715b68,0x00000000ea400000)
  from space 14848K, 99% used [0x00000000ea400000,0x00000000eb27ab40,0x00000000eb280000)
  to   space 19968K, 0% used [0x00000000f3f80000,0x00000000f3f80000,0x00000000f5300000)
 ParOldGen       total 117248K, used 21071K [0x00000000a0000000, 0x00000000a7280000, 0x00000000e0000000)
  object space 117248K, 17% used [0x00000000a0000000,0x00000000a1493ce8,0x00000000a7280000)
 Metaspace       used 57538K, capacity 59018K, committed 59160K, reserved 1099776K
  class space    used 7835K, capacity 8286K, committed 8368K, reserved 1048576K
Event: 17.120 GC heap after
Heap after GC invocations=10 (full 2):
 PSYoungGen      total 321536K, used 19945K [0x00000000e0000000, 0x00000000f5480000, 0x0000000100000000)
  eden space 301568K, 0% used [0x00000000e0000000,0x00000000e0000000,0x00000000f2680000)
  from space 19968K, 99% used [0x00000000f3f80000,0x00000000f52fa710,0x00000000f5300000)
  to   space 23552K, 0% used [0x00000000f2680000,0x00000000f2680000,0x00000000f3d80000)
 ParOldGen       total 117248K, used 22993K [0x00000000a0000000, 0x00000000a7280000, 0x00000000e0000000)
  object space 117248K, 19% used [0x00000000a0000000,0x00000000a16746b8,0x00000000a7280000)
 Metaspace       used 57538K, capacity 59018K, committed 59160K, reserved 1099776K
  class space    used 7835K, capacity 8286K, committed 8368K, reserved 1048576K
}
Event: 17.120 GC heap before
{Heap before GC invocations=11 (full 3):
 PSYoungGen      total 321536K, used 19945K [0x00000000e0000000, 0x00000000f5480000, 0x0000000100000000)
  eden space 301568K, 0% used [0x00000000e0000000,0x00000000e0000000,0x00000000f2680000)
  from space 19968K, 99% used [0x00000000f3f80000,0x00000000f52fa710,0x00000000f5300000)
  to   space 23552K, 0% used [0x00000000f2680000,0x00000000f2680000,0x00000000f3d80000)
 ParOldGen       total 117248K, used 22993K [0x00000000a0000000, 0x00000000a7280000, 0x00000000e0000000)
  object space 117248K, 19% used [0x00000000a0000000,0x00000000a16746b8,0x00000000a7280000)
 Metaspace       used 57538K, capacity 59018K, committed 59160K, reserved 1099776K
  class space    used 7835K, capacity 8286K, committed 8368K, reserved 1048576K
Event: 17.444 GC heap after
Heap after GC invocations=11 (full 3):
 PSYoungGen      total 321536K, used 0K [0x00000000e0000000, 0x00000000f5480000, 0x0000000100000000)
  eden space 301568K, 0% used [0x00000000e0000000,0x00000000e0000000,0x00000000f2680000)
  from space 19968K, 0% used [0x00000000f3f80000,0x00000000f3f80000,0x00000000f5300000)
  to   space 23552K, 0% used [0x00000000f2680000,0x00000000f2680000,0x00000000f3d80000)
 ParOldGen       total 163840K, used 35744K [0x00000000a0000000, 0x00000000aa000000, 0x00000000e0000000)
  object space 163840K, 21% used [0x00000000a0000000,0x00000000a22e8150,0x00000000aa000000)
 Metaspace       used 57538K, capacity 59018K, committed 59160K, reserved 1099776K
  class space    used 7835K, capacity 8286K, committed 8368K, reserved 1048576K
}

