# JRE version: OpenJDK Runtime Environment (8.0_152-b01) (build 1.8.0_152-release-1248-b01)
# Java VM: OpenJDK 64-Bit Server VM (25.152-b01 mixed mode windows-amd64 compressed oops)
Heap:
 PSYoungGen      total 379904K, used 75244K [0x00000000e0000000, 0x00000000faa80000, 0x0000000100000000)
  eden space 324608K, 18% used [0x00000000e0000000,0x00000000e3b583d8,0x00000000f3d00000)
  from space 55296K, 26% used [0x00000000f3d00000,0x00000000f4b22ee0,0x00000000f7300000)
  to   space 54784K, 0% used [0x00000000f7300000,0x00000000f7300000,0x00000000fa880000)
 ParOldGen       total 243712K, used 191829K [0x00000000a0000000, 0x00000000aee00000, 0x00000000e0000000)
  object space 243712K, 78% used [0x00000000a0000000,0x00000000abb555b8,0x00000000aee00000)
 Metaspace       used 88076K, capacity 92096K, committed 92184K, reserved 1128448K
  class space    used 11524K, capacity 12320K, committed 12336K, reserved 1048576K
GC Heap History (10 events):
Event: 47.858 GC heap before
{Heap before GC invocations=18 (full 3):
 PSYoungGen      total 220160K, used 220131K [0x00000000e0000000, 0x00000000f4680000, 0x0000000100000000)
  eden space 187904K, 99% used [0x00000000e0000000,0x00000000eb779460,0x00000000eb780000)
  from space 32256K, 99% used [0x00000000eed80000,0x00000000f0cffac0,0x00000000f0d00000)
  to   space 55296K, 0% used [0x00000000eb780000,0x00000000eb780000,0x00000000eed80000)
 ParOldGen       total 243712K, used 94114K [0x00000000a0000000, 0x00000000aee00000, 0x00000000e0000000)
  object space 243712K, 38% used [0x00000000a0000000,0x00000000a5be8b20,0x00000000aee00000)
 Metaspace       used 80976K, capacity 84372K, committed 84504K, reserved 1122304K
  class space    used 10759K, capacity 11455K, committed 11568K, reserved 1048576K
Event: 47.893 GC heap after
Heap after GC invocations=18 (full 3):
 PSYoungGen      total 243200K, used 38050K [0x00000000e0000000, 0x00000000f5800000, 0x0000000100000000)
  eden space 187904K, 0% used [0x00000000e0000000,0x00000000e0000000,0x00000000eb780000)
  from space 55296K, 68% used [0x00000000eb780000,0x00000000edca8a50,0x00000000eed80000)
  to   space 57344K, 0% used [0x00000000f2000000,0x00000000f2000000,0x00000000f5800000)
 ParOldGen       total 243712K, used 109392K [0x00000000a0000000, 0x00000000aee00000, 0x00000000e0000000)
  object space 243712K, 44% used [0x00000000a0000000,0x00000000a6ad4250,0x00000000aee00000)
 Metaspace       used 80976K, capacity 84372K, committed 84504K, reserved 1122304K
  class space    used 10759K, capacity 11455K, committed 11568K, reserved 1048576K
}
Event: 47.974 GC heap before
{Heap before GC invocations=19 (full 3):
 PSYoungGen      total 243200K, used 225721K [0x00000000e0000000, 0x00000000f5800000, 0x0000000100000000)
  eden space 187904K, 99% used [0x00000000e0000000,0x00000000eb745c38,0x00000000eb780000)
  from space 55296K, 68% used [0x00000000eb780000,0x00000000edca8a50,0x00000000eed80000)
  to   space 57344K, 0% used [0x00000000f2000000,0x00000000f2000000,0x00000000f5800000)
 ParOldGen       total 243712K, used 173905K [0x00000000a0000000, 0x00000000aee00000, 0x00000000e0000000)
  object space 243712K, 71% used [0x00000000a0000000,0x00000000aa9d4640,0x00000000aee00000)
 Metaspace       used 80994K, capacity 84372K, committed 84504K, reserved 1122304K
  class space    used 10760K, capacity 11455K, committed 11568K, reserved 1048576K
Event: 47.994 GC heap after
Heap after GC invocations=19 (full 3):
 PSYoungGen      total 296960K, used 19191K [0x00000000e0000000, 0x00000000f7280000, 0x0000000100000000)
  eden space 239616K, 0% used [0x00000000e0000000,0x00000000e0000000,0x00000000eea00000)
  from space 57344K, 33% used [0x00000000f2000000,0x00000000f32bde28,0x00000000f5800000)
  to   space 55296K, 0% used [0x00000000eea00000,0x00000000eea00000,0x00000000f2000000)
 ParOldGen       total 243712K, used 173913K [0x00000000a0000000, 0x00000000aee00000, 0x00000000e0000000)
  object space 243712K, 71% used [0x00000000a0000000,0x00000000aa9d6640,0x00000000aee00000)
 Metaspace       used 80994K, capacity 84372K, committed 84504K, reserved 1122304K
  class space    used 10760K, capacity 11455K, committed 11568K, reserved 1048576K
}
Event: 48.032 GC heap before
{Heap before GC invocations=20 (full 3):
 PSYoungGen      total 296960K, used 258451K [0x00000000e0000000, 0x00000000f7280000, 0x0000000100000000)
  eden space 239616K, 99% used [0x00000000e0000000,0x00000000ee9a6f98,0x00000000eea00000)
  from space 57344K, 33% used [0x00000000f2000000,0x00000000f32bde28,0x00000000f5800000)
  to   space 55296K, 0% used [0x00000000eea00000,0x00000000eea00000,0x00000000f2000000)
 ParOldGen       total 243712K, used 173913K [0x00000000a0000000, 0x00000000aee00000, 0x00000000e0000000)
  object space 243712K, 71% used [0x00000000a0000000,0x00000000aa9d6640,0x00000000aee00000)
 Metaspace       used 81004K, capacity 84372K, committed 84504K, reserved 1122304K
  class space    used 10760K, capacity 11455K, committed 11568K, reserved 1048576K
Event: 48.085 GC heap after
Heap after GC invocations=20 (full 3):
 PSYoungGen      total 294912K, used 6913K [0x00000000e0000000, 0x00000000fa880000, 0x0000000100000000)
  eden space 239616K, 0% used [0x00000000e0000000,0x00000000e0000000,0x00000000eea00000)
  from space 55296K, 12% used [0x00000000eea00000,0x00000000ef0c06e8,0x00000000f2000000)
  to   space 54784K, 0% used [0x00000000f7300000,0x00000000f7300000,0x00000000fa880000)
 ParOldGen       total 243712K, used 185380K [0x00000000a0000000, 0x00000000aee00000, 0x00000000e0000000)
  object space 243712K, 76% used [0x00000000a0000000,0x00000000ab509280,0x00000000aee00000)
 Metaspace       used 81004K, capacity 84372K, committed 84504K, reserved 1122304K
  class space    used 10760K, capacity 11455K, committed 11568K, reserved 1048576K
}
Event: 48.157 GC heap before
{Heap before GC invocations=21 (full 3):
 PSYoungGen      total 294912K, used 246529K [0x00000000e0000000, 0x00000000fa880000, 0x0000000100000000)
  eden space 239616K, 100% used [0x00000000e0000000,0x00000000eea00000,0x00000000eea00000)
  from space 55296K, 12% used [0x00000000eea00000,0x00000000ef0c06e8,0x00000000f2000000)
  to   space 54784K, 0% used [0x00000000f7300000,0x00000000f7300000,0x00000000fa880000)
 ParOldGen       total 243712K, used 185380K [0x00000000a0000000, 0x00000000aee00000, 0x00000000e0000000)
  object space 243712K, 76% used [0x00000000a0000000,0x00000000ab509280,0x00000000aee00000)
 Metaspace       used 81004K, capacity 84372K, committed 84504K, reserved 1122304K
  class space    used 10760K, capacity 11455K, committed 11568K, reserved 1048576K
Event: 48.188 GC heap after
Heap after GC invocations=21 (full 3):
 PSYoungGen      total 379392K, used 459K [0x00000000e0000000, 0x00000000faa80000, 0x0000000100000000)
  eden space 324608K, 0% used [0x00000000e0000000,0x00000000e0000000,0x00000000f3d00000)
  from space 54784K, 0% used [0x00000000f7300000,0x00000000f7372c28,0x00000000fa880000)
  to   space 55296K, 0% used [0x00000000f3d00000,0x00000000f3d00000,0x00000000f7300000)
 ParOldGen       total 243712K, used 191578K [0x00000000a0000000, 0x00000000aee00000, 0x00000000e0000000)
  object space 243712K, 78% used [0x00000000a0000000,0x00000000abb16a18,0x00000000aee00000)
 Metaspace       used 81004K, capacity 84372K, committed 84504K, reserved 1122304K
  class space    used 10760K, capacity 11455K, committed 11568K, reserved 1048576K
}
Event: 200.789 GC heap before
{Heap before GC invocations=22 (full 3):
 PSYoungGen      total 379392K, used 325067K [0x00000000e0000000, 0x00000000faa80000, 0x0000000100000000)
  eden space 324608K, 100% used [0x00000000e0000000,0x00000000f3d00000,0x00000000f3d00000)
  from space 54784K, 0% used [0x00000000f7300000,0x00000000f7372c28,0x00000000fa880000)
  to   space 55296K, 0% used [0x00000000f3d00000,0x00000000f3d00000,0x00000000f7300000)
 ParOldGen       total 243712K, used 191578K [0x00000000a0000000, 0x00000000aee00000, 0x00000000e0000000)
  object space 243712K, 78% used [0x00000000a0000000,0x00000000abb16a18,0x00000000aee00000)
 Metaspace       used 87708K, capacity 91630K, committed 91928K, reserved 1128448K
  class space    used 11484K, capacity 12277K, committed 12336K, reserved 1048576K
Event: 200.809 GC heap after
Heap after GC invocations=22 (full 3):
 PSYoungGen      total 379904K, used 14475K [0x00000000e0000000, 0x00000000faa80000, 0x0000000100000000)
  eden space 324608K, 0% used [0x00000000e0000000,0x00000000e0000000,0x00000000f3d00000)
  from space 55296K, 26% used [0x00000000f3d00000,0x00000000f4b22ee0,0x00000000f7300000)
  to   space 54784K, 0% used [0x00000000f7300000,0x00000000f7300000,0x00000000fa880000)
 ParOldGen       total 243712K, used 191829K [0x00000000a0000000, 0x00000000aee00000, 0x00000000e0000000)
  object space 243712K, 78% used [0x00000000a0000000,0x00000000abb555b8,0x00000000aee00000)
 Metaspace       used 87708K, capacity 91630K, committed 91928K, reserved 1128448K
  class space    used 11484K, capacity 12277K, committed 12336K, reserved 1048576K
}

