# JRE version: OpenJDK Runtime Environment (8.0_152-b01) (build 1.8.0_152-release-1248-b01)
# Java VM: OpenJDK 64-Bit Server VM (25.152-b01 mixed mode windows-amd64 compressed oops)
Heap:
 PSYoungGen      total 418816K, used 100205K [0x00000000e0000000, 0x00000000fe300000, 0x0000000100000000)
  eden space 355328K, 19% used [0x00000000e0000000,0x00000000e435f2f0,0x00000000f5b00000)
  from space 63488K, 49% used [0x00000000fa500000,0x00000000fc37c450,0x00000000fe300000)
  to   space 69632K, 0% used [0x00000000f5b00000,0x00000000f5b00000,0x00000000f9f00000)
 ParOldGen       total 260608K, used 131310K [0x00000000a0000000, 0x00000000afe80000, 0x00000000e0000000)
  object space 260608K, 50% used [0x00000000a0000000,0x00000000a803b828,0x00000000afe80000)
 Metaspace       used 92806K, capacity 96976K, committed 97024K, reserved 1134592K
  class space    used 11885K, capacity 12752K, committed 12800K, reserved 1048576K
GC Heap History (10 events):
Event: 3862.973 GC heap before
{Heap before GC invocations=25 (full 3):
 PSYoungGen      total 267264K, used 254089K [0x00000000e0000000, 0x00000000f5200000, 0x0000000100000000)
  eden space 226304K, 97% used [0x00000000e0000000,0x00000000ed7db6d0,0x00000000edd00000)
  from space 40960K, 80% used [0x00000000edd00000,0x00000000efd46e90,0x00000000f0500000)
  to   space 43520K, 0% used [0x00000000f2780000,0x00000000f2780000,0x00000000f5200000)
 ParOldGen       total 260608K, used 75242K [0x00000000a0000000, 0x00000000afe80000, 0x00000000e0000000)
  object space 260608K, 28% used [0x00000000a0000000,0x00000000a497a828,0x00000000afe80000)
 Metaspace       used 92223K, capacity 96362K, committed 96512K, reserved 1132544K
  class space    used 11873K, capacity 12731K, committed 12800K, reserved 1048576K
Event: 3863.090 GC heap after
Heap after GC invocations=25 (full 3):
 PSYoungGen      total 280576K, used 43502K [0x00000000e0000000, 0x00000000f8300000, 0x0000000100000000)
  eden space 237056K, 0% used [0x00000000e0000000,0x00000000e0000000,0x00000000ee780000)
  from space 43520K, 99% used [0x00000000f2780000,0x00000000f51fb878,0x00000000f5200000)
  to   space 65536K, 0% used [0x00000000ee780000,0x00000000ee780000,0x00000000f2780000)
 ParOldGen       total 260608K, used 119297K [0x00000000a0000000, 0x00000000afe80000, 0x00000000e0000000)
  object space 260608K, 45% used [0x00000000a0000000,0x00000000a74807f8,0x00000000afe80000)
 Metaspace       used 92223K, capacity 96362K, committed 96512K, reserved 1132544K
  class space    used 11873K, capacity 12731K, committed 12800K, reserved 1048576K
}
Event: 3864.798 GC heap before
{Heap before GC invocations=26 (full 3):
 PSYoungGen      total 280576K, used 279580K [0x00000000e0000000, 0x00000000f8300000, 0x0000000100000000)
  eden space 237056K, 99% used [0x00000000e0000000,0x00000000ee68b8b8,0x00000000ee780000)
  from space 43520K, 99% used [0x00000000f2780000,0x00000000f51fb878,0x00000000f5200000)
  to   space 65536K, 0% used [0x00000000ee780000,0x00000000ee780000,0x00000000f2780000)
 ParOldGen       total 260608K, used 119297K [0x00000000a0000000, 0x00000000afe80000, 0x00000000e0000000)
  object space 260608K, 45% used [0x00000000a0000000,0x00000000a74807f8,0x00000000afe80000)
 Metaspace       used 92478K, capacity 96666K, committed 96768K, reserved 1132544K
  class space    used 11876K, capacity 12735K, committed 12800K, reserved 1048576K
Event: 3864.875 GC heap after
Heap after GC invocations=26 (full 3):
 PSYoungGen      total 302592K, used 57106K [0x00000000e0000000, 0x00000000fa280000, 0x0000000100000000)
  eden space 237056K, 0% used [0x00000000e0000000,0x00000000e0000000,0x00000000ee780000)
  from space 65536K, 87% used [0x00000000ee780000,0x00000000f1f44a90,0x00000000f2780000)
  to   space 72704K, 0% used [0x00000000f5b80000,0x00000000f5b80000,0x00000000fa280000)
 ParOldGen       total 260608K, used 119818K [0x00000000a0000000, 0x00000000afe80000, 0x00000000e0000000)
  object space 260608K, 45% used [0x00000000a0000000,0x00000000a7502868,0x00000000afe80000)
 Metaspace       used 92478K, capacity 96666K, committed 96768K, reserved 1132544K
  class space    used 11876K, capacity 12735K, committed 12800K, reserved 1048576K
}
Event: 3864.923 GC heap before
{Heap before GC invocations=27 (full 3):
 PSYoungGen      total 302592K, used 293239K [0x00000000e0000000, 0x00000000fa280000, 0x0000000100000000)
  eden space 237056K, 99% used [0x00000000e0000000,0x00000000ee699280,0x00000000ee780000)
  from space 65536K, 87% used [0x00000000ee780000,0x00000000f1f44a90,0x00000000f2780000)
  to   space 72704K, 0% used [0x00000000f5b80000,0x00000000f5b80000,0x00000000fa280000)
 ParOldGen       total 260608K, used 119818K [0x00000000a0000000, 0x00000000afe80000, 0x00000000e0000000)
  object space 260608K, 45% used [0x00000000a0000000,0x00000000a7502868,0x00000000afe80000)
 Metaspace       used 92490K, capacity 96666K, committed 96768K, reserved 1132544K
  class space    used 11876K, capacity 12735K, committed 12800K, reserved 1048576K
Event: 3865.004 GC heap after
Heap after GC invocations=27 (full 3):
 PSYoungGen      total 354304K, used 46508K [0x00000000e0000000, 0x00000000fc880000, 0x0000000100000000)
  eden space 281600K, 0% used [0x00000000e0000000,0x00000000e0000000,0x00000000f1300000)
  from space 72704K, 63% used [0x00000000f5b80000,0x00000000f88eb3b0,0x00000000fa280000)
  to   space 74240K, 0% used [0x00000000f1300000,0x00000000f1300000,0x00000000f5b80000)
 ParOldGen       total 260608K, used 123604K [0x00000000a0000000, 0x00000000afe80000, 0x00000000e0000000)
  object space 260608K, 47% used [0x00000000a0000000,0x00000000a78b5328,0x00000000afe80000)
 Metaspace       used 92490K, capacity 96666K, committed 96768K, reserved 1132544K
  class space    used 11876K, capacity 12735K, committed 12800K, reserved 1048576K
}
Event: 3865.059 GC heap before
{Heap before GC invocations=28 (full 3):
 PSYoungGen      total 354304K, used 327992K [0x00000000e0000000, 0x00000000fc880000, 0x0000000100000000)
  eden space 281600K, 99% used [0x00000000e0000000,0x00000000f12e2f18,0x00000000f1300000)
  from space 72704K, 63% used [0x00000000f5b80000,0x00000000f88eb3b0,0x00000000fa280000)
  to   space 74240K, 0% used [0x00000000f1300000,0x00000000f1300000,0x00000000f5b80000)
 ParOldGen       total 260608K, used 123604K [0x00000000a0000000, 0x00000000afe80000, 0x00000000e0000000)
  object space 260608K, 47% used [0x00000000a0000000,0x00000000a78b5328,0x00000000afe80000)
 Metaspace       used 92490K, capacity 96666K, committed 96768K, reserved 1132544K
  class space    used 11876K, capacity 12735K, committed 12800K, reserved 1048576K
Event: 3865.110 GC heap after
Heap after GC invocations=28 (full 3):
 PSYoungGen      total 355840K, used 40358K [0x00000000e0000000, 0x00000000fec80000, 0x0000000100000000)
  eden space 281600K, 0% used [0x00000000e0000000,0x00000000e0000000,0x00000000f1300000)
  from space 74240K, 54% used [0x00000000f1300000,0x00000000f3a69a50,0x00000000f5b80000)
  to   space 73216K, 0% used [0x00000000fa500000,0x00000000fa500000,0x00000000fec80000)
 ParOldGen       total 260608K, used 127072K [0x00000000a0000000, 0x00000000afe80000, 0x00000000e0000000)
  object space 260608K, 48% used [0x00000000a0000000,0x00000000a7c18358,0x00000000afe80000)
 Metaspace       used 92490K, capacity 96666K, committed 96768K, reserved 1132544K
  class space    used 11876K, capacity 12735K, committed 12800K, reserved 1048576K
}
Event: 4104.158 GC heap before
{Heap before GC invocations=29 (full 3):
 PSYoungGen      total 355840K, used 321958K [0x00000000e0000000, 0x00000000fec80000, 0x0000000100000000)
  eden space 281600K, 100% used [0x00000000e0000000,0x00000000f1300000,0x00000000f1300000)
  from space 74240K, 54% used [0x00000000f1300000,0x00000000f3a69a50,0x00000000f5b80000)
  to   space 73216K, 0% used [0x00000000fa500000,0x00000000fa500000,0x00000000fec80000)
 ParOldGen       total 260608K, used 127072K [0x00000000a0000000, 0x00000000afe80000, 0x00000000e0000000)
  object space 260608K, 48% used [0x00000000a0000000,0x00000000a7c18358,0x00000000afe80000)
 Metaspace       used 92632K, capacity 96780K, committed 97024K, reserved 1134592K
  class space    used 11885K, capacity 12752K, committed 12800K, reserved 1048576K
Event: 4104.252 GC heap after
Heap after GC invocations=29 (full 3):
 PSYoungGen      total 418816K, used 31217K [0x00000000e0000000, 0x00000000fe300000, 0x0000000100000000)
  eden space 355328K, 0% used [0x00000000e0000000,0x00000000e0000000,0x00000000f5b00000)
  from space 63488K, 49% used [0x00000000fa500000,0x00000000fc37c450,0x00000000fe300000)
  to   space 69632K, 0% used [0x00000000f5b00000,0x00000000f5b00000,0x00000000f9f00000)
 ParOldGen       total 260608K, used 131310K [0x00000000a0000000, 0x00000000afe80000, 0x00000000e0000000)
  object space 260608K, 50% used [0x00000000a0000000,0x00000000a803b828,0x00000000afe80000)
 Metaspace       used 92632K, capacity 96780K, committed 97024K, reserved 1134592K
  class space    used 11885K, capacity 12752K, committed 12800K, reserved 1048576K
}

